<?xml version="1.0" encoding="UTF-8"?>
<testng-results total="3" passed="3" failed="0" skipped="0">
  <reporter-output>
  </reporter-output>
  <suite started-at="2020-03-07T09:49:10Z" name="Suite" finished-at="2020-03-07T09:50:03Z" duration-ms="53073">
    <groups>
    </groups>
    <test started-at="2020-03-07T09:49:10Z" name="Test" finished-at="2020-03-07T09:50:03Z" duration-ms="53073">
      <class name="com.gipl.lms.test.Login">
        <test-method is-config="true" signature="setup(java.lang.String)[pri:0, instance:com.gipl.lms.test.Login@2525ff7e]" started-at="2020-03-07T15:19:10Z" name="setup" finished-at="2020-03-07T15:19:40Z" duration-ms="30164" status="PASS">
          <params>
            <param index="0">
              <value>
                <![CDATA[chrome]]>
              </value>
            </param>
          </params>
          <reporter-output>
          </reporter-output>
        </test-method> <!-- setup -->
        <test-method signature="test(com.gipl.lms.model.MTest)[pri:0, instance:com.gipl.lms.test.Login@2525ff7e]" started-at="2020-03-07T15:19:41Z" name="test" data-provider="tests" finished-at="2020-03-07T15:19:53Z" duration-ms="12061" status="PASS">
          <params>
            <param index="0">
              <value>
                <![CDATA[com.gipl.lms.model.MTest@1f52eb6f]]>
              </value>
            </param>
          </params>
          <reporter-output>
          </reporter-output>
        </test-method> <!-- test -->
        <test-method signature="test(com.gipl.lms.model.MTest)[pri:0, instance:com.gipl.lms.test.Login@2525ff7e]" started-at="2020-03-07T15:19:53Z" name="test" data-provider="tests" finished-at="2020-03-07T15:20:02Z" duration-ms="8500" status="PASS">
          <params>
            <param index="0">
              <value>
                <![CDATA[com.gipl.lms.model.MTest@57d0fc89]]>
              </value>
            </param>
          </params>
          <reporter-output>
          </reporter-output>
        </test-method> <!-- test -->
        <test-method signature="test(com.gipl.lms.model.MTest)[pri:0, instance:com.gipl.lms.test.Login@2525ff7e]" started-at="2020-03-07T15:20:02Z" name="test" data-provider="tests" finished-at="2020-03-07T15:20:02Z" duration-ms="680" status="PASS">
          <params>
            <param index="0">
              <value>
                <![CDATA[com.gipl.lms.model.MTest@58294867]]>
              </value>
            </param>
          </params>
          <reporter-output>
          </reporter-output>
        </test-method> <!-- test -->
        <test-method is-config="true" signature="afterTest()[pri:0, instance:com.gipl.lms.test.Login@2525ff7e]" started-at="2020-03-07T15:20:02Z" name="afterTest" finished-at="2020-03-07T15:20:03Z" duration-ms="655" status="PASS">
          <reporter-output>
          </reporter-output>
        </test-method> <!-- afterTest -->
        <test-method is-config="true" signature="afterSuite()[pri:0, instance:com.gipl.lms.test.Login@2525ff7e]" started-at="2020-03-07T15:20:03Z" name="afterSuite" finished-at="2020-03-07T15:20:03Z" duration-ms="0" status="PASS">
          <reporter-output>
          </reporter-output>
        </test-method> <!-- afterSuite -->
      </class> <!-- com.gipl.lms.test.Login -->
    </test> <!-- Test -->
  </suite> <!-- Suite -->
</testng-results>
